<?xml version="1.0" encoding="UTF-8"?>
<!-- Generated by org.testng.reporters.JUnitReportReporter -->
<testsuite hostname="SaiBhaskar-PC" failures="0" tests="6" name="learningTestNG.LearningDataParameters" time="0.025" errors="0" timestamp="2020-10-07T10:41:29 BST" skipped="0">
  <testcase classname="learningTestNG.LearningDataParameters" name="registerUsers" time="0.006"/>
  <system-out/>
  <testcase classname="learningTestNG.LearningDataParameters" name="registerUsers" time="0.001"/>
  <system-out/>
  <testcase classname="learningTestNG.LearningDataParameters" name="LoginUser" time="0.003"/>
  <system-out/>
  <testcase classname="learningTestNG.LearningDataParameters" name="registerUsers" time="0.002"/>
  <system-out/>
  <testcase classname="learningTestNG.LearningDataParameters" name="LoginUser" time="0.010"/>
  <system-out/>
  <testcase classname="learningTestNG.LearningDataParameters" name="LoginUser" time="0.003"/>
  <system-out/>
</testsuite> <!-- learningTestNG.LearningDataParameters -->
