<?xml version="1.0" encoding="UTF-8"?>
<!-- Generated by org.testng.reporters.JUnitReportReporter -->
<testsuite hostname="SaiBhaskar-PC" failures="0" tests="2" name="learningTestNG.TestNGAnnotations_1" time="0.005" errors="0" timestamp="2020-10-06T13:32:04 BST" skipped="0">
  <testcase classname="learningTestNG.TestNGAnnotations_1" name="test1" time="0.003"/>
  <system-out/>
  <testcase classname="learningTestNG.TestNGAnnotations_1" name="test2" time="0.002"/>
  <system-out/>
</testsuite> <!-- learningTestNG.TestNGAnnotations_1 -->
