<?xml version="1.0" encoding="UTF-8"?>
<!-- Generated by org.testng.reporters.JUnitReportReporter -->
<testsuite hostname="SaiBhaskar-PC" failures="0" tests="3" name="learningTestNG.LoginTest" time="0.015" errors="0" timestamp="2020-10-06T13:53:43 BST" skipped="0">
  <testcase classname="learningTestNG.LoginTest" name="LoginViaFacebook" time="0.002"/>
  <system-out/>
  <testcase classname="learningTestNG.LoginTest" name="LoginViaEmail" time="0.011"/>
  <system-out/>
  <testcase classname="learningTestNG.LoginTest" name="LoginViaTwitter" time="0.002"/>
  <system-out/>
</testsuite> <!-- learningTestNG.LoginTest -->
