<?xml version="1.0" encoding="UTF-8"?>
<!-- Generated by org.testng.reporters.JUnitReportReporter -->
<testsuite hostname="SaiBhaskar-PC" failures="0" tests="3" name="learningTestNG.PaymentTest" time="0.020" errors="0" timestamp="2020-10-06T15:43:50 BST" skipped="1">
  <testcase classname="learningTestNG.PaymentTest" name="PaymentviaBank" time="0.012"/>
  <system-out/>
  <testcase classname="learningTestNG.PaymentTest" name="PaymentviaPaytm" time="0.005"/>
  <system-out/>
  <testcase classname="learningTestNG.PaymentTest" name="PaymentviaGpay" time="0.003">
    <skipped/>
  </testcase> <!-- PaymentviaGpay -->
  <system-out/>
</testsuite> <!-- learningTestNG.PaymentTest -->
