<?xml version="1.0" encoding="UTF-8"?>
<!-- Generated by org.testng.reporters.JUnitReportReporter -->
<testsuite hostname="SaiBhaskar-PC" failures="0" tests="1" name="learningTestNG.LearningProperty" time="0.012" errors="0" timestamp="2020-10-09T10:53:25 BST" skipped="0">
  <testcase classname="learningTestNG.LearningProperty" name="testProperty" time="0.012"/>
  <system-out/>
</testsuite> <!-- learningTestNG.LearningProperty -->
