<?xml version="1.0" encoding="UTF-8"?>
<!-- Generated by org.testng.reporters.JUnitReportReporter -->
<testsuite hostname="SaiBhaskar-PC" failures="0" tests="3" name="learningTestNG.SignUpTest" time="0.008" errors="0" timestamp="2020-10-06T13:53:43 BST" skipped="0">
  <testcase classname="learningTestNG.SignUpTest" name="SignUpViaEmail" time="0.001"/>
  <system-out/>
  <testcase classname="learningTestNG.SignUpTest" name="SignUpViaTwitter" time="0.004"/>
  <system-out/>
  <testcase classname="learningTestNG.SignUpTest" name="SignUpViaFacebook" time="0.003"/>
  <system-out/>
</testsuite> <!-- learningTestNG.SignUpTest -->
